10:19:50.491 [main] DEBUG org.apache.poi.openxml4j.opc.PackageRelationshipCollection - Parsing relationship: /xl/_rels/workbook.xml.rels
10:19:50.507 [main] DEBUG org.apache.poi.openxml4j.opc.PackageRelationshipCollection - Parsing relationship: /xl/worksheets/_rels/sheet2.xml.rels
10:19:50.509 [main] DEBUG org.apache.poi.openxml4j.opc.PackageRelationshipCollection - Parsing relationship: /_rels/.rels
10:19:50.549 [main] DEBUG org.apache.poi.openxml4j.opc.PackageRelationshipCollection - Parsing relationship: /xl/_rels/workbook.xml.rels
10:19:50.550 [main] DEBUG org.apache.poi.openxml4j.opc.PackageRelationshipCollection - Parsing relationship: /xl/worksheets/_rels/sheet2.xml.rels
10:19:50.553 [main] DEBUG org.apache.poi.openxml4j.opc.PackageRelationshipCollection - Parsing relationship: /_rels/.rels
10:19:50.606 [main] DEBUG org.apache.poi.openxml4j.opc.PackageRelationshipCollection - Parsing relationship: /xl/_rels/workbook.xml.rels
10:19:50.607 [main] DEBUG org.apache.poi.openxml4j.opc.PackageRelationshipCollection - Parsing relationship: /xl/worksheets/_rels/sheet2.xml.rels
10:19:50.608 [main] DEBUG org.apache.poi.openxml4j.opc.PackageRelationshipCollection - Parsing relationship: /_rels/.rels
10:19:50.643 [main] DEBUG org.apache.poi.openxml4j.opc.PackageRelationshipCollection - Parsing relationship: /xl/_rels/workbook.xml.rels
10:19:50.645 [main] DEBUG org.apache.poi.openxml4j.opc.PackageRelationshipCollection - Parsing relationship: /xl/worksheets/_rels/sheet2.xml.rels
10:19:50.646 [main] DEBUG org.apache.poi.openxml4j.opc.PackageRelationshipCollection - Parsing relationship: /_rels/.rels
10:22:11.385 [main] DEBUG org.apache.poi.openxml4j.opc.PackageRelationshipCollection - Parsing relationship: /xl/_rels/workbook.xml.rels
10:22:11.423 [main] DEBUG org.apache.poi.openxml4j.opc.PackageRelationshipCollection - Parsing relationship: /xl/worksheets/_rels/sheet2.xml.rels
10:22:11.425 [main] DEBUG org.apache.poi.openxml4j.opc.PackageRelationshipCollection - Parsing relationship: /_rels/.rels
10:22:13.755 [main] INFO  testCases.TC_001_SearchBookshelves - *** Starting TC_001_SearchBookshelves***
10:22:13.755 [main] INFO  testCases.TC_001_SearchBookshelves - *** Searching for Bookshelves***
10:22:13.792 [main] INFO  testCases.TC_001_SearchBookshelves - org.openqa.selenium.NoSuchWindowException: no such window: target window already closed
from unknown error: web view not found
  (Session info: chrome=120.0.6099.130)
Build info: version: '4.17.0', revision: 'e52b1be057*'
System info: os.name: 'Windows 11', os.arch: 'amd64', os.version: '10.0', java.version: '17.0.2'
Driver info: org.openqa.selenium.chrome.ChromeDriver
Command: [6b9667c6d4f6a7ef032e869507eaf4d7, findElement {using=xpath, value=//*[@id='search']}]
Capabilities {acceptInsecureCerts: false, browserName: chrome, browserVersion: 120.0.6099.130, chrome: {chromedriverVersion: 120.0.6099.109 (3419140ab66..., userDataDir: C:\Windows\SystemTemp\scope...}, fedcm:accounts: true, goog:chromeOptions: {debuggerAddress: localhost:63323}, networkConnectionEnabled: false, pageLoadStrategy: normal, platformName: windows, proxy: Proxy(), se:cdp: ws://localhost:63323/devtoo..., se:cdpVersion: 120.0.6099.130, setWindowRect: true, strictFileInteractability: false, timeouts: {implicit: 0, pageLoad: 300000, script: 30000}, unhandledPromptBehavior: dismiss and notify, webauthn:extension:credBlob: true, webauthn:extension:largeBlob: true, webauthn:extension:minPinLength: true, webauthn:extension:prf: true, webauthn:virtualAuthenticators: true}
Session ID: 6b9667c6d4f6a7ef032e869507eaf4d7
10:23:00.677 [main] DEBUG org.apache.poi.openxml4j.opc.PackageRelationshipCollection - Parsing relationship: /xl/_rels/workbook.xml.rels
10:23:00.698 [main] DEBUG org.apache.poi.openxml4j.opc.PackageRelationshipCollection - Parsing relationship: /xl/worksheets/_rels/sheet2.xml.rels
10:23:00.702 [main] DEBUG org.apache.poi.openxml4j.opc.PackageRelationshipCollection - Parsing relationship: /_rels/.rels
10:23:02.547 [main] INFO  testCases.TC_001_SearchBookshelves - *** Starting TC_001_SearchBookshelves***
10:23:02.548 [main] INFO  testCases.TC_001_SearchBookshelves - *** Searching for Bookshelves***
10:23:04.068 [main] INFO  testCases.TC_001_SearchBookshelves - *** Searching for Bookshelves***
10:23:05.936 [main] INFO  testCases.TC_001_SearchBookshelves - *** Completed TC_001_SearchBookshelves***
10:23:06.580 [main] INFO  testCases.TC_001_SearchBookshelves - *** Starting TC_002_Select Items***
10:23:06.580 [main] INFO  testCases.TC_001_SearchBookshelves - *** Selecting Category***
10:23:17.032 [main] INFO  testCases.TC_001_SearchBookshelves - org.openqa.selenium.NoSuchWindowException: no such window: target window already closed
from unknown error: web view not found
  (Session info: chrome=120.0.6099.130)
Build info: version: '4.17.0', revision: 'e52b1be057*'
System info: os.name: 'Windows 11', os.arch: 'amd64', os.version: '10.0', java.version: '17.0.2'
Driver info: org.openqa.selenium.chrome.ChromeDriver
Command: [030ba037f0b1ddda3a709da7da10b9d6, findElement {using=xpath, value=//a[@class='close-reveal-modal hide-mobile']}]
Capabilities {acceptInsecureCerts: false, browserName: chrome, browserVersion: 120.0.6099.130, chrome: {chromedriverVersion: 120.0.6099.109 (3419140ab66..., userDataDir: C:\Windows\SystemTemp\scope...}, fedcm:accounts: true, goog:chromeOptions: {debuggerAddress: localhost:63517}, networkConnectionEnabled: false, pageLoadStrategy: normal, platformName: windows, proxy: Proxy(), se:cdp: ws://localhost:63517/devtoo..., se:cdpVersion: 120.0.6099.130, setWindowRect: true, strictFileInteractability: false, timeouts: {implicit: 0, pageLoad: 300000, script: 30000}, unhandledPromptBehavior: dismiss and notify, webauthn:extension:credBlob: true, webauthn:extension:largeBlob: true, webauthn:extension:minPinLength: true, webauthn:extension:prf: true, webauthn:virtualAuthenticators: true}
Session ID: 030ba037f0b1ddda3a709da7da10b9d6
